Watching for file changes with StatReloader
Invalid HTTP_HOST header: '8000--main--health-monitor--suchitv--q9cectu0e0enq.pit-1.try.coder.app'. You may need to add '8000--main--health-monitor--suchitv--q9cectu0e0enq.pit-1.try.coder.app' to ALLOWED_HOSTS.
Traceback (most recent call last):
  File "/home/suchitv/health-monitor/health_monitor/lib/python3.10/site-packages/django/core/handlers/exception.py", line 55, in inner
    response = get_response(request)
  File "/home/suchitv/health-monitor/health_monitor/lib/python3.10/site-packages/django/utils/deprecation.py", line 133, in __call__
    response = self.process_request(request)
  File "/home/suchitv/health-monitor/health_monitor/lib/python3.10/site-packages/django/middleware/common.py", line 48, in process_request
    host = request.get_host()
  File "/home/suchitv/health-monitor/health_monitor/lib/python3.10/site-packages/django/http/request.py", line 151, in get_host
    raise DisallowedHost(msg)
django.core.exceptions.DisallowedHost: Invalid HTTP_HOST header: '8000--main--health-monitor--suchitv--q9cectu0e0enq.pit-1.try.coder.app'. You may need to add '8000--main--health-monitor--suchitv--q9cectu0e0enq.pit-1.try.coder.app' to ALLOWED_HOSTS.
Bad Request: /
Invalid HTTP_HOST header: '8000--main--health-monitor--suchitv--q9cectu0e0enq.pit-1.try.coder.app'. You may need to add '8000--main--health-monitor--suchitv--q9cectu0e0enq.pit-1.try.coder.app' to ALLOWED_HOSTS.
Traceback (most recent call last):
  File "/home/suchitv/health-monitor/health_monitor/lib/python3.10/site-packages/django/core/handlers/exception.py", line 55, in inner
    response = get_response(request)
  File "/home/suchitv/health-monitor/health_monitor/lib/python3.10/site-packages/django/utils/deprecation.py", line 133, in __call__
    response = self.process_request(request)
  File "/home/suchitv/health-monitor/health_monitor/lib/python3.10/site-packages/django/middleware/common.py", line 48, in process_request
    host = request.get_host()
  File "/home/suchitv/health-monitor/health_monitor/lib/python3.10/site-packages/django/http/request.py", line 151, in get_host
    raise DisallowedHost(msg)
django.core.exceptions.DisallowedHost: Invalid HTTP_HOST header: '8000--main--health-monitor--suchitv--q9cectu0e0enq.pit-1.try.coder.app'. You may need to add '8000--main--health-monitor--suchitv--q9cectu0e0enq.pit-1.try.coder.app' to ALLOWED_HOSTS.
Bad Request: /favicon.ico
/home/suchitv/health-monitor/health_monitor/health_monitor/health_monitor/settings.py changed, reloading.
Watching for file changes with StatReloader
/home/suchitv/health-monitor/health_monitor/health_monitor/health_monitor/settings.py changed, reloading.
Watching for file changes with StatReloader
Invalid HTTP_HOST header: '8000--main--health-monitor--suchitv--q9cectu0e0enq.pit-1.try.coder.app'. You may need to add '8000--main--health-monitor--suchitv--q9cectu0e0enq.pit-1.try.coder.app' to ALLOWED_HOSTS.
Traceback (most recent call last):
  File "/home/suchitv/health-monitor/health_monitor/lib/python3.10/site-packages/django/core/handlers/exception.py", line 55, in inner
    response = get_response(request)
  File "/home/suchitv/health-monitor/health_monitor/lib/python3.10/site-packages/django/utils/deprecation.py", line 133, in __call__
    response = self.process_request(request)
  File "/home/suchitv/health-monitor/health_monitor/lib/python3.10/site-packages/django/middleware/common.py", line 48, in process_request
    host = request.get_host()
  File "/home/suchitv/health-monitor/health_monitor/lib/python3.10/site-packages/django/http/request.py", line 151, in get_host
    raise DisallowedHost(msg)
django.core.exceptions.DisallowedHost: Invalid HTTP_HOST header: '8000--main--health-monitor--suchitv--q9cectu0e0enq.pit-1.try.coder.app'. You may need to add '8000--main--health-monitor--suchitv--q9cectu0e0enq.pit-1.try.coder.app' to ALLOWED_HOSTS.
Bad Request: /
Invalid HTTP_HOST header: '8000--main--health-monitor--suchitv--q9cectu0e0enq.pit-1.try.coder.app'. You may need to add '8000--main--health-monitor--suchitv--q9cectu0e0enq.pit-1.try.coder.app' to ALLOWED_HOSTS.
Traceback (most recent call last):
  File "/home/suchitv/health-monitor/health_monitor/lib/python3.10/site-packages/django/core/handlers/exception.py", line 55, in inner
    response = get_response(request)
  File "/home/suchitv/health-monitor/health_monitor/lib/python3.10/site-packages/django/utils/deprecation.py", line 133, in __call__
    response = self.process_request(request)
  File "/home/suchitv/health-monitor/health_monitor/lib/python3.10/site-packages/django/middleware/common.py", line 48, in process_request
    host = request.get_host()
  File "/home/suchitv/health-monitor/health_monitor/lib/python3.10/site-packages/django/http/request.py", line 151, in get_host
    raise DisallowedHost(msg)
django.core.exceptions.DisallowedHost: Invalid HTTP_HOST header: '8000--main--health-monitor--suchitv--q9cectu0e0enq.pit-1.try.coder.app'. You may need to add '8000--main--health-monitor--suchitv--q9cectu0e0enq.pit-1.try.coder.app' to ALLOWED_HOSTS.
Bad Request: /favicon.ico
Invalid HTTP_HOST header: '8000--main--health-monitor--suchitv--q9cectu0e0enq.pit-1.try.coder.app'. You may need to add '8000--main--health-monitor--suchitv--q9cectu0e0enq.pit-1.try.coder.app' to ALLOWED_HOSTS.
Traceback (most recent call last):
  File "/home/suchitv/health-monitor/health_monitor/lib/python3.10/site-packages/django/core/handlers/exception.py", line 55, in inner
    response = get_response(request)
  File "/home/suchitv/health-monitor/health_monitor/lib/python3.10/site-packages/django/utils/deprecation.py", line 133, in __call__
    response = self.process_request(request)
  File "/home/suchitv/health-monitor/health_monitor/lib/python3.10/site-packages/django/middleware/common.py", line 48, in process_request
    host = request.get_host()
  File "/home/suchitv/health-monitor/health_monitor/lib/python3.10/site-packages/django/http/request.py", line 151, in get_host
    raise DisallowedHost(msg)
django.core.exceptions.DisallowedHost: Invalid HTTP_HOST header: '8000--main--health-monitor--suchitv--q9cectu0e0enq.pit-1.try.coder.app'. You may need to add '8000--main--health-monitor--suchitv--q9cectu0e0enq.pit-1.try.coder.app' to ALLOWED_HOSTS.
Bad Request: /
Invalid HTTP_HOST header: '8000--main--health-monitor--suchitv--q9cectu0e0enq.pit-1.try.coder.app'. You may need to add '8000--main--health-monitor--suchitv--q9cectu0e0enq.pit-1.try.coder.app' to ALLOWED_HOSTS.
Traceback (most recent call last):
  File "/home/suchitv/health-monitor/health_monitor/lib/python3.10/site-packages/django/core/handlers/exception.py", line 55, in inner
    response = get_response(request)
  File "/home/suchitv/health-monitor/health_monitor/lib/python3.10/site-packages/django/utils/deprecation.py", line 133, in __call__
    response = self.process_request(request)
  File "/home/suchitv/health-monitor/health_monitor/lib/python3.10/site-packages/django/middleware/common.py", line 48, in process_request
    host = request.get_host()
  File "/home/suchitv/health-monitor/health_monitor/lib/python3.10/site-packages/django/http/request.py", line 151, in get_host
    raise DisallowedHost(msg)
django.core.exceptions.DisallowedHost: Invalid HTTP_HOST header: '8000--main--health-monitor--suchitv--q9cectu0e0enq.pit-1.try.coder.app'. You may need to add '8000--main--health-monitor--suchitv--q9cectu0e0enq.pit-1.try.coder.app' to ALLOWED_HOSTS.
Bad Request: /favicon.ico
/home/suchitv/health-monitor/health_monitor/health_monitor/health_monitor/settings.py changed, reloading.
Watching for file changes with StatReloader
Invalid HTTP_HOST header: '8000--main--health-monitor--suchitv--q9cectu0e0enq.pit-1.try.coder.app'. You may need to add '8000--main--health-monitor--suchitv--q9cectu0e0enq.pit-1.try.coder.app' to ALLOWED_HOSTS.
Traceback (most recent call last):
  File "/home/suchitv/health-monitor/health_monitor/lib/python3.10/site-packages/django/core/handlers/exception.py", line 55, in inner
    response = get_response(request)
  File "/home/suchitv/health-monitor/health_monitor/lib/python3.10/site-packages/django/utils/deprecation.py", line 133, in __call__
    response = self.process_request(request)
  File "/home/suchitv/health-monitor/health_monitor/lib/python3.10/site-packages/django/middleware/common.py", line 48, in process_request
    host = request.get_host()
  File "/home/suchitv/health-monitor/health_monitor/lib/python3.10/site-packages/django/http/request.py", line 151, in get_host
    raise DisallowedHost(msg)
django.core.exceptions.DisallowedHost: Invalid HTTP_HOST header: '8000--main--health-monitor--suchitv--q9cectu0e0enq.pit-1.try.coder.app'. You may need to add '8000--main--health-monitor--suchitv--q9cectu0e0enq.pit-1.try.coder.app' to ALLOWED_HOSTS.
Bad Request: /
Invalid HTTP_HOST header: '8000--main--health-monitor--suchitv--q9cectu0e0enq.pit-1.try.coder.app'. You may need to add '8000--main--health-monitor--suchitv--q9cectu0e0enq.pit-1.try.coder.app' to ALLOWED_HOSTS.
Traceback (most recent call last):
  File "/home/suchitv/health-monitor/health_monitor/lib/python3.10/site-packages/django/core/handlers/exception.py", line 55, in inner
    response = get_response(request)
  File "/home/suchitv/health-monitor/health_monitor/lib/python3.10/site-packages/django/utils/deprecation.py", line 133, in __call__
    response = self.process_request(request)
  File "/home/suchitv/health-monitor/health_monitor/lib/python3.10/site-packages/django/middleware/common.py", line 48, in process_request
    host = request.get_host()
  File "/home/suchitv/health-monitor/health_monitor/lib/python3.10/site-packages/django/http/request.py", line 151, in get_host
    raise DisallowedHost(msg)
django.core.exceptions.DisallowedHost: Invalid HTTP_HOST header: '8000--main--health-monitor--suchitv--q9cectu0e0enq.pit-1.try.coder.app'. You may need to add '8000--main--health-monitor--suchitv--q9cectu0e0enq.pit-1.try.coder.app' to ALLOWED_HOSTS.
Bad Request: /favicon.ico
/home/suchitv/health-monitor/health_monitor/health_monitor/health_monitor/settings.py changed, reloading.
Watching for file changes with StatReloader
Invalid HTTP_HOST header: '8000--main--health-monitor--suchitv--q9cectu0e0enq.pit-1.try.coder.app'. You may need to add '8000--main--health-monitor--suchitv--q9cectu0e0enq.pit-1.try.coder.app' to ALLOWED_HOSTS.
Traceback (most recent call last):
  File "/home/suchitv/health-monitor/health_monitor/lib/python3.10/site-packages/django/core/handlers/exception.py", line 55, in inner
    response = get_response(request)
  File "/home/suchitv/health-monitor/health_monitor/lib/python3.10/site-packages/django/utils/deprecation.py", line 133, in __call__
    response = self.process_request(request)
  File "/home/suchitv/health-monitor/health_monitor/lib/python3.10/site-packages/django/middleware/common.py", line 48, in process_request
    host = request.get_host()
  File "/home/suchitv/health-monitor/health_monitor/lib/python3.10/site-packages/django/http/request.py", line 151, in get_host
    raise DisallowedHost(msg)
django.core.exceptions.DisallowedHost: Invalid HTTP_HOST header: '8000--main--health-monitor--suchitv--q9cectu0e0enq.pit-1.try.coder.app'. You may need to add '8000--main--health-monitor--suchitv--q9cectu0e0enq.pit-1.try.coder.app' to ALLOWED_HOSTS.
Bad Request: /
Invalid HTTP_HOST header: '8000--main--health-monitor--suchitv--q9cectu0e0enq.pit-1.try.coder.app'. You may need to add '8000--main--health-monitor--suchitv--q9cectu0e0enq.pit-1.try.coder.app' to ALLOWED_HOSTS.
Traceback (most recent call last):
  File "/home/suchitv/health-monitor/health_monitor/lib/python3.10/site-packages/django/core/handlers/exception.py", line 55, in inner
    response = get_response(request)
  File "/home/suchitv/health-monitor/health_monitor/lib/python3.10/site-packages/django/utils/deprecation.py", line 133, in __call__
    response = self.process_request(request)
  File "/home/suchitv/health-monitor/health_monitor/lib/python3.10/site-packages/django/middleware/common.py", line 48, in process_request
    host = request.get_host()
  File "/home/suchitv/health-monitor/health_monitor/lib/python3.10/site-packages/django/http/request.py", line 151, in get_host
    raise DisallowedHost(msg)
django.core.exceptions.DisallowedHost: Invalid HTTP_HOST header: '8000--main--health-monitor--suchitv--q9cectu0e0enq.pit-1.try.coder.app'. You may need to add '8000--main--health-monitor--suchitv--q9cectu0e0enq.pit-1.try.coder.app' to ALLOWED_HOSTS.
Bad Request: /favicon.ico
/home/suchitv/health-monitor/health_monitor/health_monitor/health_monitor/settings.py changed, reloading.
Watching for file changes with StatReloader
Not Found: /favicon.ico
